<?xml version="1.0" encoding="UTF-8" ?>
<testsuite failures="0" time="0.034" errors="0" skipped="0" tests="100" name="core.AllTests">
  <properties>
    <property name="java.runtime.name" value="Java(TM) SE Runtime Environment"/>
    <property name="sun.boot.library.path" value="C:\Program Files\Java\jdk1.7.0_79\jre\bin"/>
    <property name="java.vm.version" value="24.79-b02"/>
    <property name="build.version" value="1.2"/>
    <property name="java.vm.vendor" value="Oracle Corporation"/>
    <property name="java.vendor.url" value="http://java.oracle.com/"/>
    <property name="path.separator" value=";"/>
    <property name="guice.disable.misplaced.annotation.check" value="true"/>
    <property name="java.vm.name" value="Java HotSpot(TM) 64-Bit Server VM"/>
    <property name="file.encoding.pkg" value="sun.io"/>
    <property name="user.script" value=""/>
    <property name="user.country" value="US"/>
    <property name="sun.java.launcher" value="SUN_STANDARD"/>
    <property name="sun.os.patch.level" value="Service Pack 1"/>
    <property name="test" value="AllTests"/>
    <property name="java.vm.specification.name" value="Java Virtual Machine Specification"/>
    <property name="user.dir" value="C:\workspace_mars\JUnit2"/>
    <property name="java.runtime.version" value="1.7.0_79-b15"/>
    <property name="java.awt.graphicsenv" value="sun.awt.Win32GraphicsEnvironment"/>
    <property name="java.endorsed.dirs" value="C:\Program Files\Java\jdk1.7.0_79\jre\lib\endorsed"/>
    <property name="os.arch" value="amd64"/>
    <property name="java.io.tmpdir" value="C:\Users\Lenovo\AppData\Local\Temp\"/>
    <property name="line.separator" value="
"/>
    <property name="java.vm.specification.vendor" value="Oracle Corporation"/>
    <property name="user.variant" value=""/>
    <property name="os.name" value="Windows 7"/>
    <property name="classworlds.conf" value="C:\Maven\apache-maven-3.2.5-bin\apache-maven-3.2.5\bin\m2.conf"/>
    <property name="sun.jnu.encoding" value="Cp1252"/>
    <property name="java.library.path" value="C:\Program Files\Java\jdk1.7.0_79\bin;C:\Windows\Sun\Java\bin;C:\Windows\system32;C:\Windows;C:\Program Files\Java\jdk1.7.0_79\bin;C:\Maven\apache-maven-3.2.5-bin\apache-maven-3.2.5\bin;C:\Java\jdk1.8.0_25\bin;C:\ProgramData\Oracle\Java\javapath;C:\Windows\system32;C:\Windows;C:\Windows\System32\Wbem;C:\Windows\System32\WindowsPowerShell\v1.0\;C:\GIT\Git\bin\;C:\HashiCorp\Vagrant\bin;C:\Program Files (x86)\Skype\Phone\;C:\Ruby\Ruby21-x64\bin;."/>
    <property name="java.specification.name" value="Java Platform API Specification"/>
    <property name="java.class.version" value="51.0"/>
    <property name="sun.management.compiler" value="HotSpot 64-Bit Tiered Compilers"/>
    <property name="os.version" value="6.1"/>
    <property name="user.home" value="C:\Users\Lenovo"/>
    <property name="user.timezone" value="America/Los_Angeles"/>
    <property name="java.awt.printerjob" value="sun.awt.windows.WPrinterJob"/>
    <property name="java.specification.version" value="1.7"/>
    <property name="file.encoding" value="Cp1252"/>
    <property name="user.name" value="Lenovo"/>
    <property name="java.class.path" value="C:\Maven\apache-maven-3.2.5-bin\apache-maven-3.2.5\boot\plexus-classworlds-2.5.2.jar"/>
    <property name="java.vm.specification.version" value="1.7"/>
    <property name="sun.arch.data.model" value="64"/>
    <property name="java.home" value="C:\Program Files\Java\jdk1.7.0_79\jre"/>
    <property name="sun.java.command" value="org.codehaus.plexus.classworlds.launcher.Launcher clean site test -Dtest=AllTests -Dbuild.version=1.2"/>
    <property name="java.specification.vendor" value="Oracle Corporation"/>
    <property name="user.language" value="en"/>
    <property name="awt.toolkit" value="sun.awt.windows.WToolkit"/>
    <property name="java.vm.info" value="mixed mode"/>
    <property name="java.version" value="1.7.0_79"/>
    <property name="java.ext.dirs" value="C:\Program Files\Java\jdk1.7.0_79\jre\lib\ext;C:\Windows\Sun\Java\lib\ext"/>
    <property name="sun.boot.class.path" value="C:\Program Files\Java\jdk1.7.0_79\jre\lib\resources.jar;C:\Program Files\Java\jdk1.7.0_79\jre\lib\rt.jar;C:\Program Files\Java\jdk1.7.0_79\jre\lib\sunrsasign.jar;C:\Program Files\Java\jdk1.7.0_79\jre\lib\jsse.jar;C:\Program Files\Java\jdk1.7.0_79\jre\lib\jce.jar;C:\Program Files\Java\jdk1.7.0_79\jre\lib\charsets.jar;C:\Program Files\Java\jdk1.7.0_79\jre\lib\jfr.jar;C:\Program Files\Java\jdk1.7.0_79\jre\classes"/>
    <property name="java.vendor" value="Oracle Corporation"/>
    <property name="maven.home" value="C:\Maven\apache-maven-3.2.5-bin\apache-maven-3.2.5"/>
    <property name="file.separator" value="\"/>
    <property name="java.vendor.url.bug" value="http://bugreport.sun.com/bugreport/"/>
    <property name="sun.cpu.endian" value="little"/>
    <property name="sun.io.unicode.encoding" value="UnicodeLittle"/>
    <property name="sun.desktop" value="windows"/>
    <property name="sun.cpu.isalist" value="amd64"/>
  </properties>
  <testcase time="0.004" classname="core.PrimeNumberCheckTest" name="testPrimeNumberCheck[Iteration # 0: Number: 1; isPrime? true]"/>
  <testcase time="0" classname="core.PrimeNumberCheckTest" name="testPrimeNumberCheck[Iteration # 1: Number: 2; isPrime? true]"/>
  <testcase time="0" classname="core.PrimeNumberCheckTest" name="testPrimeNumberCheck[Iteration # 2: Number: 3; isPrime? true]"/>
  <testcase time="0" classname="core.PrimeNumberCheckTest" name="testPrimeNumberCheck[Iteration # 3: Number: 4; isPrime? true]"/>
  <testcase time="0" classname="core.PrimeNumberCheckTest" name="testPrimeNumberCheck[Iteration # 4: Number: 5; isPrime? true]"/>
  <testcase time="0.001" classname="core.PrimeNumberCheckTest" name="testPrimeNumberCheck[Iteration # 5: Number: 6; isPrime? false]"/>
  <testcase time="0" classname="core.PrimeNumberCheckTest" name="testPrimeNumberCheck[Iteration # 6: Number: 7; isPrime? true]"/>
  <testcase time="0" classname="core.PrimeNumberCheckTest" name="testPrimeNumberCheck[Iteration # 7: Number: 8; isPrime? false]"/>
  <testcase time="0.001" classname="core.PrimeNumberCheckTest" name="testPrimeNumberCheck[Iteration # 8: Number: 9; isPrime? false]"/>
  <testcase time="0" classname="core.PrimeNumberCheckTest" name="testPrimeNumberCheck[Iteration # 9: Number: 10; isPrime? false]"/>
  <testcase time="0.001" classname="core.PrimeNumberCheckTest" name="testPrimeNumberCheck[Iteration # 10: Number: 11; isPrime? true]"/>
  <testcase time="0" classname="core.PrimeNumberCheckTest" name="testPrimeNumberCheck[Iteration # 11: Number: 12; isPrime? false]"/>
  <testcase time="0" classname="core.PrimeNumberCheckTest" name="testPrimeNumberCheck[Iteration # 12: Number: 13; isPrime? true]"/>
  <testcase time="0" classname="core.PrimeNumberCheckTest" name="testPrimeNumberCheck[Iteration # 13: Number: 14; isPrime? false]"/>
  <testcase time="0" classname="core.PrimeNumberCheckTest" name="testPrimeNumberCheck[Iteration # 14: Number: 15; isPrime? false]"/>
  <testcase time="0.006" classname="core.PrimeNumberCheckTest" name="testPrimeNumberCheck[Iteration # 15: Number: 16; isPrime? false]"/>
  <testcase time="0" classname="core.PrimeNumberCheckTest" name="testPrimeNumberCheck[Iteration # 16: Number: 17; isPrime? true]"/>
  <testcase time="0.001" classname="core.PrimeNumberCheckTest" name="testPrimeNumberCheck[Iteration # 17: Number: 18; isPrime? false]"/>
  <testcase time="0" classname="core.PrimeNumberCheckTest" name="testPrimeNumberCheck[Iteration # 18: Number: 19; isPrime? true]"/>
  <testcase time="0" classname="core.PrimeNumberCheckTest" name="testPrimeNumberCheck[Iteration # 19: Number: 20; isPrime? false]"/>
  <testcase time="0" classname="core.PrimeNumberCheckTest" name="testPrimeNumberCheck[Iteration # 20: Number: 21; isPrime? false]"/>
  <testcase time="0" classname="core.PrimeNumberCheckTest" name="testPrimeNumberCheck[Iteration # 21: Number: 22; isPrime? false]"/>
  <testcase time="0" classname="core.PrimeNumberCheckTest" name="testPrimeNumberCheck[Iteration # 22: Number: 23; isPrime? true]"/>
  <testcase time="0" classname="core.PrimeNumberCheckTest" name="testPrimeNumberCheck[Iteration # 23: Number: 24; isPrime? false]"/>
  <testcase time="0" classname="core.PrimeNumberCheckTest" name="testPrimeNumberCheck[Iteration # 24: Number: 25; isPrime? false]"/>
  <testcase time="0.001" classname="core.PrimeNumberCheckTest" name="testPrimeNumberCheck[Iteration # 25: Number: 26; isPrime? false]"/>
  <testcase time="0" classname="core.PrimeNumberCheckTest" name="testPrimeNumberCheck[Iteration # 26: Number: 27; isPrime? false]"/>
  <testcase time="0" classname="core.PrimeNumberCheckTest" name="testPrimeNumberCheck[Iteration # 27: Number: 28; isPrime? false]"/>
  <testcase time="0" classname="core.PrimeNumberCheckTest" name="testPrimeNumberCheck[Iteration # 28: Number: 29; isPrime? true]"/>
  <testcase time="0" classname="core.PrimeNumberCheckTest" name="testPrimeNumberCheck[Iteration # 29: Number: 30; isPrime? false]"/>
  <testcase time="0.001" classname="core.PrimeNumberCheckTest" name="testPrimeNumberCheck[Iteration # 30: Number: 31; isPrime? true]"/>
  <testcase time="0" classname="core.PrimeNumberCheckTest" name="testPrimeNumberCheck[Iteration # 31: Number: 32; isPrime? false]"/>
  <testcase time="0" classname="core.PrimeNumberCheckTest" name="testPrimeNumberCheck[Iteration # 32: Number: 33; isPrime? false]"/>
  <testcase time="0" classname="core.PrimeNumberCheckTest" name="testPrimeNumberCheck[Iteration # 33: Number: 34; isPrime? false]"/>
  <testcase time="0" classname="core.PrimeNumberCheckTest" name="testPrimeNumberCheck[Iteration # 34: Number: 35; isPrime? false]"/>
  <testcase time="0.001" classname="core.PrimeNumberCheckTest" name="testPrimeNumberCheck[Iteration # 35: Number: 36; isPrime? false]"/>
  <testcase time="0" classname="core.PrimeNumberCheckTest" name="testPrimeNumberCheck[Iteration # 36: Number: 37; isPrime? true]"/>
  <testcase time="0" classname="core.PrimeNumberCheckTest" name="testPrimeNumberCheck[Iteration # 37: Number: 38; isPrime? false]"/>
  <testcase time="0.001" classname="core.PrimeNumberCheckTest" name="testPrimeNumberCheck[Iteration # 38: Number: 39; isPrime? false]"/>
  <testcase time="0" classname="core.PrimeNumberCheckTest" name="testPrimeNumberCheck[Iteration # 39: Number: 40; isPrime? false]"/>
  <testcase time="0" classname="core.PrimeNumberCheckTest" name="testPrimeNumberCheck[Iteration # 40: Number: 41; isPrime? true]"/>
  <testcase time="0" classname="core.PrimeNumberCheckTest" name="testPrimeNumberCheck[Iteration # 41: Number: 42; isPrime? false]"/>
  <testcase time="0" classname="core.PrimeNumberCheckTest" name="testPrimeNumberCheck[Iteration # 42: Number: 43; isPrime? true]"/>
  <testcase time="0.001" classname="core.PrimeNumberCheckTest" name="testPrimeNumberCheck[Iteration # 43: Number: 44; isPrime? false]"/>
  <testcase time="0" classname="core.PrimeNumberCheckTest" name="testPrimeNumberCheck[Iteration # 44: Number: 45; isPrime? false]"/>
  <testcase time="0" classname="core.PrimeNumberCheckTest" name="testPrimeNumberCheck[Iteration # 45: Number: 46; isPrime? false]"/>
  <testcase time="0" classname="core.PrimeNumberCheckTest" name="testPrimeNumberCheck[Iteration # 46: Number: 47; isPrime? true]"/>
  <testcase time="0" classname="core.PrimeNumberCheckTest" name="testPrimeNumberCheck[Iteration # 47: Number: 48; isPrime? false]"/>
  <testcase time="0" classname="core.PrimeNumberCheckTest" name="testPrimeNumberCheck[Iteration # 48: Number: 49; isPrime? false]"/>
  <testcase time="0.001" classname="core.PrimeNumberCheckTest" name="testPrimeNumberCheck[Iteration # 49: Number: 50; isPrime? false]"/>
  <testcase time="0" classname="core.PrimeNumberCheckTest" name="testPrimeNumberCheck[Iteration # 50: Number: 51; isPrime? false]"/>
  <testcase time="0" classname="core.PrimeNumberCheckTest" name="testPrimeNumberCheck[Iteration # 51: Number: 52; isPrime? false]"/>
  <testcase time="0" classname="core.PrimeNumberCheckTest" name="testPrimeNumberCheck[Iteration # 52: Number: 53; isPrime? true]"/>
  <testcase time="0.001" classname="core.PrimeNumberCheckTest" name="testPrimeNumberCheck[Iteration # 53: Number: 54; isPrime? false]"/>
  <testcase time="0" classname="core.PrimeNumberCheckTest" name="testPrimeNumberCheck[Iteration # 54: Number: 55; isPrime? false]"/>
  <testcase time="0" classname="core.PrimeNumberCheckTest" name="testPrimeNumberCheck[Iteration # 55: Number: 56; isPrime? false]"/>
  <testcase time="0" classname="core.PrimeNumberCheckTest" name="testPrimeNumberCheck[Iteration # 56: Number: 57; isPrime? false]"/>
  <testcase time="0" classname="core.PrimeNumberCheckTest" name="testPrimeNumberCheck[Iteration # 57: Number: 58; isPrime? false]"/>
  <testcase time="0" classname="core.PrimeNumberCheckTest" name="testPrimeNumberCheck[Iteration # 58: Number: 59; isPrime? true]"/>
  <testcase time="0" classname="core.PrimeNumberCheckTest" name="testPrimeNumberCheck[Iteration # 59: Number: 60; isPrime? false]"/>
  <testcase time="0" classname="core.PrimeNumberCheckTest" name="testPrimeNumberCheck[Iteration # 60: Number: 61; isPrime? true]"/>
  <testcase time="0" classname="core.PrimeNumberCheckTest" name="testPrimeNumberCheck[Iteration # 61: Number: 62; isPrime? false]"/>
  <testcase time="0" classname="core.PrimeNumberCheckTest" name="testPrimeNumberCheck[Iteration # 62: Number: 63; isPrime? false]"/>
  <testcase time="0" classname="core.PrimeNumberCheckTest" name="testPrimeNumberCheck[Iteration # 63: Number: 64; isPrime? false]"/>
  <testcase time="0" classname="core.PrimeNumberCheckTest" name="testPrimeNumberCheck[Iteration # 64: Number: 65; isPrime? false]"/>
  <testcase time="0" classname="core.PrimeNumberCheckTest" name="testPrimeNumberCheck[Iteration # 65: Number: 66; isPrime? false]"/>
  <testcase time="0" classname="core.PrimeNumberCheckTest" name="testPrimeNumberCheck[Iteration # 66: Number: 67; isPrime? true]"/>
  <testcase time="0" classname="core.PrimeNumberCheckTest" name="testPrimeNumberCheck[Iteration # 67: Number: 68; isPrime? false]"/>
  <testcase time="0" classname="core.PrimeNumberCheckTest" name="testPrimeNumberCheck[Iteration # 68: Number: 69; isPrime? false]"/>
  <testcase time="0" classname="core.PrimeNumberCheckTest" name="testPrimeNumberCheck[Iteration # 69: Number: 70; isPrime? false]"/>
  <testcase time="0" classname="core.PrimeNumberCheckTest" name="testPrimeNumberCheck[Iteration # 70: Number: 71; isPrime? true]"/>
  <testcase time="0" classname="core.PrimeNumberCheckTest" name="testPrimeNumberCheck[Iteration # 71: Number: 72; isPrime? false]"/>
  <testcase time="0" classname="core.PrimeNumberCheckTest" name="testPrimeNumberCheck[Iteration # 72: Number: 73; isPrime? true]"/>
  <testcase time="0" classname="core.PrimeNumberCheckTest" name="testPrimeNumberCheck[Iteration # 73: Number: 74; isPrime? false]"/>
  <testcase time="0" classname="core.PrimeNumberCheckTest" name="testPrimeNumberCheck[Iteration # 74: Number: 75; isPrime? false]"/>
  <testcase time="0" classname="core.PrimeNumberCheckTest" name="testPrimeNumberCheck[Iteration # 75: Number: 76; isPrime? false]"/>
  <testcase time="0" classname="core.PrimeNumberCheckTest" name="testPrimeNumberCheck[Iteration # 76: Number: 77; isPrime? false]"/>
  <testcase time="0.001" classname="core.PrimeNumberCheckTest" name="testPrimeNumberCheck[Iteration # 77: Number: 78; isPrime? false]"/>
  <testcase time="0.001" classname="core.PrimeNumberCheckTest" name="testPrimeNumberCheck[Iteration # 78: Number: 79; isPrime? true]"/>
  <testcase time="0" classname="core.PrimeNumberCheckTest" name="testPrimeNumberCheck[Iteration # 79: Number: 80; isPrime? false]"/>
  <testcase time="0.001" classname="core.PrimeNumberCheckTest" name="testPrimeNumberCheck[Iteration # 80: Number: 81; isPrime? false]"/>
  <testcase time="0" classname="core.PrimeNumberCheckTest" name="testPrimeNumberCheck[Iteration # 81: Number: 82; isPrime? false]"/>
  <testcase time="0.001" classname="core.PrimeNumberCheckTest" name="testPrimeNumberCheck[Iteration # 82: Number: 83; isPrime? true]"/>
  <testcase time="0" classname="core.PrimeNumberCheckTest" name="testPrimeNumberCheck[Iteration # 83: Number: 84; isPrime? false]"/>
  <testcase time="0.001" classname="core.PrimeNumberCheckTest" name="testPrimeNumberCheck[Iteration # 84: Number: 85; isPrime? false]"/>
  <testcase time="0" classname="core.PrimeNumberCheckTest" name="testPrimeNumberCheck[Iteration # 85: Number: 86; isPrime? false]"/>
  <testcase time="0" classname="core.PrimeNumberCheckTest" name="testPrimeNumberCheck[Iteration # 86: Number: 87; isPrime? false]"/>
  <testcase time="0.001" classname="core.PrimeNumberCheckTest" name="testPrimeNumberCheck[Iteration # 87: Number: 88; isPrime? false]"/>
  <testcase time="0" classname="core.PrimeNumberCheckTest" name="testPrimeNumberCheck[Iteration # 88: Number: 89; isPrime? true]"/>
  <testcase time="0.004" classname="core.PrimeNumberCheckTest" name="testPrimeNumberCheck[Iteration # 89: Number: 90; isPrime? false]"/>
  <testcase time="0" classname="core.PrimeNumberCheckTest" name="testPrimeNumberCheck[Iteration # 90: Number: 91; isPrime? false]"/>
  <testcase time="0" classname="core.PrimeNumberCheckTest" name="testPrimeNumberCheck[Iteration # 91: Number: 92; isPrime? false]"/>
  <testcase time="0.001" classname="core.PrimeNumberCheckTest" name="testPrimeNumberCheck[Iteration # 92: Number: 93; isPrime? false]"/>
  <testcase time="0" classname="core.PrimeNumberCheckTest" name="testPrimeNumberCheck[Iteration # 93: Number: 94; isPrime? false]"/>
  <testcase time="0.001" classname="core.PrimeNumberCheckTest" name="testPrimeNumberCheck[Iteration # 94: Number: 95; isPrime? false]"/>
  <testcase time="0" classname="core.PrimeNumberCheckTest" name="testPrimeNumberCheck[Iteration # 95: Number: 96; isPrime? false]"/>
  <testcase time="0" classname="core.PrimeNumberCheckTest" name="testPrimeNumberCheck[Iteration # 96: Number: 97; isPrime? true]"/>
  <testcase time="0" classname="core.PrimeNumberCheckTest" name="testPrimeNumberCheck[Iteration # 97: Number: 98; isPrime? false]"/>
  <testcase time="0.001" classname="core.PrimeNumberCheckTest" name="testPrimeNumberCheck[Iteration # 98: Number: 99; isPrime? false]"/>
  <testcase time="0" classname="core.PrimeNumberCheckTest" name="testPrimeNumberCheck[Iteration # 99: Number: 100; isPrime? false]"/>
</testsuite>